[2016-09-25 11:53:30] pachisi.INFO: KICK OUT :blau#0! [] []
[2016-09-25 11:53:30] pachisi.INFO: KICK OUT :blau#1! [] []
[2016-09-25 11:53:30] pachisi.INFO: KICK OUT :blau#2! [] []
[2016-09-25 11:53:30] pachisi.INFO: KICK OUT :blau#3! [] []
[2016-09-25 11:53:30] pachisi.INFO: KICK OUT :gr端n#0! [] []
[2016-09-25 11:53:30] pachisi.INFO: KICK OUT :gr端n#1! [] []
[2016-09-25 11:53:30] pachisi.INFO: KICK OUT :gr端n#2! [] []
[2016-09-25 11:53:30] pachisi.INFO: KICK OUT :gr端n#3! [] []
[2016-09-25 11:53:30] pachisi.INFO: KICK OUT :gelb#0! [] []
[2016-09-25 11:53:30] pachisi.INFO: KICK OUT :gelb#1! [] []
[2016-09-25 11:53:30] pachisi.INFO: KICK OUT :gelb#2! [] []
[2016-09-25 11:53:30] pachisi.INFO: KICK OUT :gelb#3! [] []
[2016-09-25 11:53:30] pachisi.INFO: KICK OUT :rot#0! [] []
[2016-09-25 11:53:30] pachisi.INFO: KICK OUT :rot#1! [] []
[2016-09-25 11:53:30] pachisi.INFO: KICK OUT :rot#2! [] []
[2016-09-25 11:53:30] pachisi.INFO: KICK OUT :rot#3! [] []
[2016-09-25 11:53:30] pachisi.INFO: Start game [] []
[2016-09-25 11:53:30] pachisi.INFO: Start new game round 1 [] []
[2016-09-25 11:53:30] pachisi.INFO: Player 'blau' rolled the dice a '4' [] []
[2016-09-25 11:53:30] pachisi.ERROR: UNCATCHED EXCEPTION of type 'Pachisi\Exception\PachisiException' with MESSAGE: 'test 12' in FILE: 'C:\MAMP\htdocs\pachisi\src\GameController.php' in LINE: '83 occured! [{"file":"C:\\MAMP\\htdocs\\pachisi\\src\\GameController.php","line":71,"function":"playRound","class":"Pachisi\\GameController","type":"->","args":[1]},{"file":"C:\\MAMP\\htdocs\\pachisi\\index.php","line":13,"function":"runGame","class":"Pachisi\\GameController","type":"->","args":[]}] []
